  Camera.cpp
  GameScene.cpp
C:\Users\takat\Desktop\GATE Git\Swimming-Game\World Swim Game\GameScene.cpp(162,54): warning C4244: '-=': 'float' から 'int' への変換です。データが失われる可能性があります。
  PlayerActor.cpp
C:\Users\takat\Desktop\GATE Git\Swimming-Game\World Swim Game\PlayerActor.cpp(141,97): warning C4244: '-=': 'double' から 'float' への変換です。データが失われる可能性があります。
C:\Users\takat\Desktop\GATE Git\Swimming-Game\World Swim Game\PlayerActor.cpp(164,30): warning C4244: '=': 'int' から 'float' への変換です。データが失われる可能性があります。
C:\Users\takat\Desktop\GATE Git\Swimming-Game\World Swim Game\PlayerActor.cpp(212,30): warning C4244: '=': 'int' から 'float' への変換です。データが失われる可能性があります。
C:\Users\takat\Desktop\GATE Git\Swimming-Game\World Swim Game\PlayerActor.cpp(256,30): warning C4244: '=': 'int' から 'float' への変換です。データが失われる可能性があります。
C:\Users\takat\Desktop\GATE Git\Swimming-Game\World Swim Game\PlayerActor.cpp(299,30): warning C4244: '=': 'int' から 'float' への変換です。データが失われる可能性があります。
C:\Users\takat\Desktop\GATE Git\Swimming-Game\World Swim Game\PlayerActor.cpp(349,30): warning C4244: '=': 'int' から 'float' への変換です。データが失われる可能性があります。
  Result.cpp
  SceneMgr.cpp
  Title.cpp
C:\Users\takat\Desktop\GATE Git\Swimming-Game\World Swim Game\Title.cpp(31,17): warning C4244: '初期化中': 'const float' から 'int' への変換です。データが失われる可能性があります。
C:\Users\takat\Desktop\GATE Git\Swimming-Game\World Swim Game\Title.cpp(32,18): warning C4244: '初期化中': 'const float' から 'int' への変換です。データが失われる可能性があります。
  main.cpp
  コード生成しています。
  0 of 91 functions ( 0.0%) were compiled, the rest were copied from previous compilation.
    0 functions were new in current compilation
    0 functions had inline decision re-evaluated but remain unchanged
  コード生成が終了しました。
EffekseerForDXLib_vs2019_x64.lib(EffekseerForDXLib.obj) : warning LNK4099: PDB 'EffekseerForDXLib_vs2019_x64.pdb' が 'EffekseerForDXLib_vs2019_x64.lib(EffekseerForDXLib.obj)' で、または 'C:\Users\takat\Desktop\GATE Git\Swimming-Game\Release\EffekseerForDXLib_vs2019_x64.pdb' に見つかりません。デバッグ情報がないものとして、オブジェクトにリンクします。
  World Swim Game.vcxproj -> C:\Users\takat\Desktop\GATE Git\Swimming-Game\Release\World Swim Game.exe
